Determining if the pthread_create exist failed with the following output:
Change Dir: /home/chuong/Documents/RVSS2017-presentations/python_ROS_tutorials/workspace_ros/build/CMakeFiles/CMakeTmp

Run Build Command:"/usr/bin/make" "cmTC_3cbab/fast"
/usr/bin/make -f CMakeFiles/cmTC_3cbab.dir/build.make CMakeFiles/cmTC_3cbab.dir/build
make[1]: Entering directory '/home/chuong/Documents/RVSS2017-presentations/python_ROS_tutorials/workspace_ros/build/CMakeFiles/CMakeTmp'
Building C object CMakeFiles/cmTC_3cbab.dir/CheckSymbolExists.c.o
/usr/bin/cc     -o CMakeFiles/cmTC_3cbab.dir/CheckSymbolExists.c.o   -c /home/chuong/Documents/RVSS2017-presentations/python_ROS_tutorials/workspace_ros/build/CMakeFiles/CMakeTmp/CheckSymbolExists.c
Linking C executable cmTC_3cbab
/usr/bin/cmake -E cmake_link_script CMakeFiles/cmTC_3cbab.dir/link.txt --verbose=1
/usr/bin/cc       CMakeFiles/cmTC_3cbab.dir/CheckSymbolExists.c.o  -o cmTC_3cbab -rdynamic 
CMakeFiles/cmTC_3cbab.dir/CheckSymbolExists.c.o: In function `main':
CheckSymbolExists.c:(.text+0x16): undefined reference to `pthread_create'
collect2: error: ld returned 1 exit status
CMakeFiles/cmTC_3cbab.dir/build.make:97: recipe for target 'cmTC_3cbab' failed
make[1]: *** [cmTC_3cbab] Error 1
make[1]: Leaving directory '/home/chuong/Documents/RVSS2017-presentations/python_ROS_tutorials/workspace_ros/build/CMakeFiles/CMakeTmp'
Makefile:126: recipe for target 'cmTC_3cbab/fast' failed
make: *** [cmTC_3cbab/fast] Error 2

File /home/chuong/Documents/RVSS2017-presentations/python_ROS_tutorials/workspace_ros/build/CMakeFiles/CMakeTmp/CheckSymbolExists.c:
/* */
#include <pthread.h>

int main(int argc, char** argv)
{
  (void)argv;
#ifndef pthread_create
  return ((int*)(&pthread_create))[argc];
#else
  (void)argc;
  return 0;
#endif
}

Determining if the function pthread_create exists in the pthreads failed with the following output:
Change Dir: /home/chuong/Documents/RVSS2017-presentations/python_ROS_tutorials/workspace_ros/build/CMakeFiles/CMakeTmp

Run Build Command:"/usr/bin/make" "cmTC_816d5/fast"
/usr/bin/make -f CMakeFiles/cmTC_816d5.dir/build.make CMakeFiles/cmTC_816d5.dir/build
make[1]: Entering directory '/home/chuong/Documents/RVSS2017-presentations/python_ROS_tutorials/workspace_ros/build/CMakeFiles/CMakeTmp'
Building C object CMakeFiles/cmTC_816d5.dir/CheckFunctionExists.c.o
/usr/bin/cc    -DCHECK_FUNCTION_EXISTS=pthread_create   -o CMakeFiles/cmTC_816d5.dir/CheckFunctionExists.c.o   -c /usr/share/cmake-3.5/Modules/CheckFunctionExists.c
Linking C executable cmTC_816d5
/usr/bin/cmake -E cmake_link_script CMakeFiles/cmTC_816d5.dir/link.txt --verbose=1
/usr/bin/cc   -DCHECK_FUNCTION_EXISTS=pthread_create    CMakeFiles/cmTC_816d5.dir/CheckFunctionExists.c.o  -o cmTC_816d5 -rdynamic -lpthreads 
/usr/bin/ld: cannot find -lpthreads
collect2: error: ld returned 1 exit status
CMakeFiles/cmTC_816d5.dir/build.make:97: recipe for target 'cmTC_816d5' failed
make[1]: *** [cmTC_816d5] Error 1
make[1]: Leaving directory '/home/chuong/Documents/RVSS2017-presentations/python_ROS_tutorials/workspace_ros/build/CMakeFiles/CMakeTmp'
Makefile:126: recipe for target 'cmTC_816d5/fast' failed
make: *** [cmTC_816d5/fast] Error 2


